2016-03-30 12:18:59,186 :: INFO :: Reading files...
2016-03-30 12:18:59,188 :: INFO :: Reading per image...
2016-03-30 12:18:59,190 :: INFO :: Reading per object
2016-03-30 12:18:59,251 :: INFO :: Reading result
2016-03-30 12:18:59,852 :: INFO :: Merging dataframes
2016-03-30 15:00:35,947 :: INFO :: Reading files...
2016-03-30 15:00:35,947 :: INFO :: Reading per image...
2016-03-30 15:00:35,949 :: INFO :: Reading per object
2016-03-30 15:00:35,951 :: INFO :: Reading result
2016-03-30 15:00:35,953 :: INFO :: Merging dataframes
2016-03-30 15:00:56,480 :: INFO :: Reading files...
2016-03-30 15:00:56,481 :: INFO :: Reading per image...
2016-03-30 15:00:56,483 :: INFO :: Reading per object
2016-03-30 15:00:56,484 :: INFO :: Reading result
2016-03-30 15:00:56,485 :: INFO :: Merging dataframes
2016-03-30 15:04:39,596 :: INFO :: Reading files...
2016-03-30 15:04:39,596 :: INFO :: Reading per image...
2016-03-30 15:04:39,598 :: INFO :: Reading per object
2016-03-30 15:04:39,600 :: INFO :: Reading result
2016-03-30 15:04:39,601 :: INFO :: Merging dataframes
2016-03-30 15:06:30,125 :: INFO :: Reading files...
2016-03-30 15:06:30,125 :: INFO :: Reading per image...
2016-03-30 15:06:30,127 :: INFO :: Reading per object
2016-03-30 15:06:30,128 :: INFO :: Reading result
2016-03-30 15:06:30,129 :: INFO :: Merging dataframes
2016-03-30 15:08:19,356 :: INFO :: Reading files...
2016-03-30 15:08:19,356 :: INFO :: Reading per image...
2016-03-30 15:08:19,358 :: INFO :: Reading per object
2016-03-30 15:08:19,359 :: INFO :: Reading result
2016-03-30 15:08:19,360 :: INFO :: Merging dataframes
2016-03-30 15:11:23,671 :: INFO :: Reading files...
2016-03-30 15:11:23,672 :: INFO :: Reading per image...
2016-03-30 15:11:23,674 :: INFO :: Reading per object
2016-03-30 15:11:23,675 :: INFO :: Reading result
2016-03-30 15:11:23,676 :: INFO :: Merging dataframes
2016-03-30 15:32:32,879 :: INFO :: Reading files...
2016-03-30 15:32:32,879 :: INFO :: Reading per image...
2016-03-30 15:32:32,882 :: INFO :: Reading per object
2016-03-30 15:32:32,883 :: INFO :: Reading result
2016-03-30 15:32:32,884 :: INFO :: Merging dataframes
